#
# There is insufficient memory for the Java Runtime Environment to continue.
# Native memory allocation (mmap) failed to map 61865984 bytes for committing reserved memory.
# Possible reasons:
#   The system is out of physical RAM or swap space
#   The process is running with CompressedOops enabled, and the Java Heap may be blocking the growth of the native heap
# Possible solutions:
#   Reduce memory load on the system
#   Increase physical memory or swap space
#   Check if swap backing store is full
#   Decrease Java heap size (-Xmx/-Xms)
#   Decrease number of Java threads
#   Decrease Java thread stack sizes (-Xss)
#   Set larger code cache with -XX:ReservedCodeCacheSize=
#   JVM is running with Unscaled Compressed Oops mode in which the Java heap is
#     placed in the first 4GB address space. The Java Heap base address is the
#     maximum limit for the native heap growth. Please use -XX:HeapBaseMinAddress
#     to set the Java Heap base and to place the Java Heap above 4GB virtual address.
# This output file may be truncated or incomplete.
#
#  Out of Memory Error (os_linux.cpp:3130), pid=21514, tid=21523
#
# JRE version: OpenJDK Runtime Environment Corretto-11.0.18.10.1 (11.0.18+10) (build 11.0.18+10-LTS)
# Java VM: OpenJDK 64-Bit Server VM Corretto-11.0.18.10.1 (11.0.18+10-LTS, mixed mode, tiered, compressed oops, g1 gc, linux-amd64)
# No core dump will be written. Core dumps have been disabled. To enable core dumping, try "ulimit -c unlimited" before starting Java again
#

---------------  S U M M A R Y ------------

Command Line: -javaagent:/home/ec2-user/.m2/repository/org/jacoco/org.jacoco.agent/0.8.2/org.jacoco.agent-0.8.2-runtime.jar=destfile=/home/ec2-user/microservices-project/spring-petclinic-customers-service/target/jacoco.exec /home/ec2-user/microservices-project/spring-petclinic-customers-service/target/surefire/surefirebooter7526476555860106361.jar /home/ec2-user/microservices-project/spring-petclinic-customers-service/target/surefire 2023-02-14T09-23-19_776-jvmRun1 surefire4348589003458405616tmp surefire_017680679168231134423tmp

Host: AMD EPYC 7571, 2 cores, 3G, Amazon Linux release 2 (Karoo)
Time: Tue Feb 14 09:24:19 2023 UTC elapsed time: 28.035701 seconds (0d 0h 0m 28s)

---------------  T H R E A D  ---------------

Current thread (0x00007f4ce4161000):  VMThread "VM Thread" [stack: 0x00007f4ccc06d000,0x00007f4ccc16d000] [id=21523]

Stack: [0x00007f4ccc06d000,0x00007f4ccc16d000],  sp=0x00007f4ccc16ad30,  free space=1015k
Native frames: (J=compiled Java code, A=aot compiled Java code, j=interpreted, Vv=VM code, C=native code)
V  [libjvm.so+0xed985a]  VMError::report_and_die(int, char const*, char const*, __va_list_tag*, Thread*, unsigned char*, void*, void*, char const*, int, unsigned long)+0x1ca
V  [libjvm.so+0xeda6cb]  VMError::report_and_die(Thread*, char const*, int, unsigned long, VMErrorType, char const*, __va_list_tag*)+0x2b
V  [libjvm.so+0x6b22b0]  report_vm_out_of_memory(char const*, int, unsigned long, VMErrorType, char const*, ...)+0xd0
V  [libjvm.so+0xc1b93e]  os::pd_commit_memory_or_exit(char*, unsigned long, unsigned long, bool, char const*)+0xfe
V  [libjvm.so+0xc14b1d]  os::commit_memory_or_exit(char*, unsigned long, unsigned long, bool, char const*)+0x1d
V  [libjvm.so+0x7ca30c]  G1PageBasedVirtualSpace::commit_preferred_pages(unsigned long, unsigned long)+0x6c
V  [libjvm.so+0x7ca59c]  G1PageBasedVirtualSpace::commit(unsigned long, unsigned long)+0x5c
V  [libjvm.so+0x7d5ef0]  G1RegionsLargerThanCommitSizeMapper::commit_regions(unsigned int, unsigned long, WorkGang*)+0x40
V  [libjvm.so+0x855a19]  HeapRegionManager::commit_regions(unsigned int, unsigned long, WorkGang*)+0x89
V  [libjvm.so+0x8565e2]  HeapRegionManager::make_regions_available(unsigned int, unsigned int, WorkGang*)+0x42
V  [libjvm.so+0x856a24]  HeapRegionManager::expand_at(unsigned int, unsigned int, WorkGang*) [clone .part.23]+0x114
V  [libjvm.so+0x789df9]  G1CollectedHeap::expand(unsigned long, WorkGang*, double*)+0xd9
V  [libjvm.so+0x78e87c]  G1CollectedHeap::do_collection_pause_at_safepoint(double)+0xabc
V  [libjvm.so+0xee53bc]  VM_G1CollectForAllocation::doit()+0x7c
V  [libjvm.so+0xedcd77]  VM_Operation::evaluate()+0xe7
V  [libjvm.so+0xee2e56]  VMThread::evaluate_operation(VM_Operation*) [clone .constprop.67]+0xb6
V  [libjvm.so+0xee3349]  VMThread::loop()+0x3f9
V  [libjvm.so+0xee3783]  VMThread::run()+0x73
V  [libjvm.so+0xe6de0d]  Thread::call_run()+0x14d
V  [libjvm.so+0xc21370]  thread_native_entry(Thread*)+0xe0

VM_Operation (0x00007f4ced103030): G1CollectForAllocation, mode: safepoint, requested by thread 0x00007f4ce4029800


---------------  P R O C E S S  ---------------

Threads class SMR info:
_java_thread_list=0x00007f4cb403a9f0, length=13, elements={
0x00007f4ce4029800, 0x00007f4ce4169800, 0x00007f4ce416d800, 0x00007f4ce4182800,
0x00007f4ce4184800, 0x00007f4ce4186800, 0x00007f4ce4188800, 0x00007f4ce418a800,
0x00007f4ce41e8800, 0x00007f4ce4af7800, 0x00007f4ce4b37800, 0x00007f4c8c4c7000,
0x00007f4c9c002800
}

Java Threads: ( => current thread )
  0x00007f4ce4029800 JavaThread "main" [_thread_blocked, id=21517, stack(0x00007f4ced009000,0x00007f4ced10a000)]
  0x00007f4ce4169800 JavaThread "Reference Handler" daemon [_thread_blocked, id=21524, stack(0x00007f4cc47c7000,0x00007f4cc48c8000)]
  0x00007f4ce416d800 JavaThread "Finalizer" daemon [_thread_blocked, id=21525, stack(0x00007f4cc46c6000,0x00007f4cc47c7000)]
  0x00007f4ce4182800 JavaThread "Signal Dispatcher" daemon [_thread_blocked, id=21526, stack(0x00007f4cc45c5000,0x00007f4cc46c6000)]
  0x00007f4ce4184800 JavaThread "Service Thread" daemon [_thread_blocked, id=21527, stack(0x00007f4cc44c4000,0x00007f4cc45c5000)]
  0x00007f4ce4186800 JavaThread "C2 CompilerThread0" daemon [_thread_blocked, id=21528, stack(0x00007f4cc43c3000,0x00007f4cc44c4000)]
  0x00007f4ce4188800 JavaThread "C1 CompilerThread0" daemon [_thread_blocked, id=21529, stack(0x00007f4cc42c2000,0x00007f4cc43c3000)]
  0x00007f4ce418a800 JavaThread "Sweeper thread" daemon [_thread_blocked, id=21530, stack(0x00007f4cc41c1000,0x00007f4cc42c2000)]
  0x00007f4ce41e8800 JavaThread "Common-Cleaner" daemon [_thread_blocked, id=21531, stack(0x00007f4cc40c0000,0x00007f4cc41c1000)]
  0x00007f4ce4af7800 JavaThread "surefire-forkedjvm-command-thread" daemon [_thread_blocked, id=21628, stack(0x00007f4c8b9c8000,0x00007f4c8bac9000)]
  0x00007f4ce4b37800 JavaThread "surefire-forkedjvm-ping-30s" daemon [_thread_blocked, id=21629, stack(0x00007f4c8b2ba000,0x00007f4c8b3bb000)]
  0x00007f4c8c4c7000 JavaThread "process reaper" daemon [_thread_blocked, id=21631, stack(0x00007f4cecf57000,0x00007f4cecf79000)]
  0x00007f4c9c002800 JavaThread "Attach Listener" daemon [_thread_blocked, id=22402, stack(0x00007f4c8a4b8000,0x00007f4c8a5b9000)]

Other Threads:
=>0x00007f4ce4161000 VMThread "VM Thread" [stack: 0x00007f4ccc06d000,0x00007f4ccc16d000] [id=21523]
  0x00007f4ce4acc800 WatcherThread [stack: 0x00007f4c8bacb000,0x00007f4c8bbcb000] [id=21627]
  0x00007f4ce4041000 GCTaskThread "GC Thread#0" [stack: 0x00007f4ce96ff000,0x00007f4ce97ff000] [id=21518]
  0x00007f4cb4001000 GCTaskThread "GC Thread#1" [stack: 0x00007f4ca0f09000,0x00007f4ca1009000] [id=21574]
  0x00007f4ce405c000 ConcurrentGCThread "G1 Main Marker" [stack: 0x00007f4ccc6f8000,0x00007f4ccc7f8000] [id=21519]
  0x00007f4ce405d800 ConcurrentGCThread "G1 Conc#0" [stack: 0x00007f4ccc5f6000,0x00007f4ccc6f6000] [id=21520]
  0x00007f4ce4099000 ConcurrentGCThread "G1 Refine#0" [stack: 0x00007f4ccc2f2000,0x00007f4ccc3f2000] [id=21521]
  0x00007f4ce409a800 ConcurrentGCThread "G1 Young RemSet Sampling" [stack: 0x00007f4ccc1f0000,0x00007f4ccc2f0000] [id=21522]

Threads with active compile tasks:
C2 CompilerThread0    43237 5464       4       org.jacoco.agent.rt.internal_28bab1d.core.internal.instr.DuplicateFrameEliminator::visitFrame (27 bytes)

VM state:at safepoint (normal execution)

VM Mutex/Monitor currently owned by a thread:  ([mutex/lock_event])
[0x00007f4ce4025a30] Threads_lock - owner thread: 0x00007f4ce4161000
[0x00007f4ce4026210] Heap_lock - owner thread: 0x00007f4ce4029800

Heap address: 0x00000000c3200000, size: 974 MB, Compressed Oops mode: 32-bit
Narrow klass base: 0x0000000000000000, Narrow klass shift: 3
Compressed class space size: 1073741824 Address: 0x0000000100000000

Heap:
 garbage-first heap   total 181248K, used 24164K [0x00000000c3200000, 0x0000000100000000)
  region size 1024K, 7 young (7168K), 7 survivors (7168K)
 Metaspace       used 51207K, capacity 52417K, committed 52556K, reserved 1095680K
  class space    used 5765K, capacity 6230K, committed 6272K, reserved 1048576K
Heap Regions: E=young(eden), S=young(survivor), O=old, HS=humongous(starts), HC=humongous(continues), CS=collection set, F=free, A=archive, TAMS=top-at-mark-start (previous, next)
|   0|0x00000000c3200000, 0x00000000c3300000, 0x00000000c3300000|100%|HS|  |TAMS 0x00000000c3300000, 0x00000000c3200000| Complete 
|   1|0x00000000c3300000, 0x00000000c3400000, 0x00000000c3400000|100%| O|  |TAMS 0x00000000c3400000, 0x00000000c3300000| Untracked 
|   2|0x00000000c3400000, 0x00000000c3500000, 0x00000000c3500000|100%| O|  |TAMS 0x00000000c3500000, 0x00000000c3400000| Untracked 
|   3|0x00000000c3500000, 0x00000000c3600000, 0x00000000c3600000|100%| O|  |TAMS 0x00000000c3600000, 0x00000000c3500000| Untracked 
|   4|0x00000000c3600000, 0x00000000c3700000, 0x00000000c3700000|100%| O|  |TAMS 0x00000000c3700000, 0x00000000c3600000| Untracked 
|   5|0x00000000c3700000, 0x00000000c3800000, 0x00000000c3800000|100%| O|  |TAMS 0x00000000c3800000, 0x00000000c3700000| Untracked 
|   6|0x00000000c3800000, 0x00000000c3900000, 0x00000000c3900000|100%| O|  |TAMS 0x00000000c3900000, 0x00000000c3800000| Untracked 
|   7|0x00000000c3900000, 0x00000000c3a00000, 0x00000000c3a00000|100%| O|  |TAMS 0x00000000c3a00000, 0x00000000c3900000| Untracked 
|   8|0x00000000c3a00000, 0x00000000c3b00000, 0x00000000c3b00000|100%| O|  |TAMS 0x00000000c3b00000, 0x00000000c3a00000| Untracked 
|   9|0x00000000c3b00000, 0x00000000c3c00000, 0x00000000c3c00000|100%| O|  |TAMS 0x00000000c3c00000, 0x00000000c3b00000| Untracked 
|  10|0x00000000c3c00000, 0x00000000c3d00000, 0x00000000c3d00000|100%| O|  |TAMS 0x00000000c3c44800, 0x00000000c3c00000| Untracked 
|  11|0x00000000c3d00000, 0x00000000c3e00000, 0x00000000c3e00000|100%| O|  |TAMS 0x00000000c3d00000, 0x00000000c3d00000| Untracked 
|  12|0x00000000c3e00000, 0x00000000c3f00000, 0x00000000c3f00000|100%| O|  |TAMS 0x00000000c3e00000, 0x00000000c3e00000| Untracked 
|  13|0x00000000c3f00000, 0x00000000c4000000, 0x00000000c4000000|100%| O|  |TAMS 0x00000000c3f00000, 0x00000000c3f00000| Untracked 
|  14|0x00000000c4000000, 0x00000000c4100000, 0x00000000c4100000|100%| O|  |TAMS 0x00000000c4000000, 0x00000000c4000000| Untracked 
|  15|0x00000000c4100000, 0x00000000c4200000, 0x00000000c4200000|100%| O|  |TAMS 0x00000000c4100000, 0x00000000c4100000| Untracked 
|  16|0x00000000c4200000, 0x00000000c4300000, 0x00000000c4300000|100%| O|  |TAMS 0x00000000c4200000, 0x00000000c4200000| Untracked 
|  17|0x00000000c4300000, 0x00000000c4319000, 0x00000000c4400000|  9%| O|  |TAMS 0x00000000c4300000, 0x00000000c4300000| Untracked 
|  18|0x00000000c4400000, 0x00000000c4400000, 0x00000000c4500000|  0%| F|  |TAMS 0x00000000c4400000, 0x00000000c4400000| Untracked 
|  19|0x00000000c4500000, 0x00000000c4500000, 0x00000000c4600000|  0%| F|  |TAMS 0x00000000c4500000, 0x00000000c4500000| Untracked 
|  20|0x00000000c4600000, 0x00000000c4600000, 0x00000000c4700000|  0%| F|  |TAMS 0x00000000c4600000, 0x00000000c4600000| Untracked 
|  21|0x00000000c4700000, 0x00000000c4700000, 0x00000000c4800000|  0%| F|  |TAMS 0x00000000c4700000, 0x00000000c4700000| Untracked 
|  22|0x00000000c4800000, 0x00000000c4800000, 0x00000000c4900000|  0%| F|  |TAMS 0x00000000c4800000, 0x00000000c4800000| Untracked 
|  23|0x00000000c4900000, 0x00000000c4900000, 0x00000000c4a00000|  0%| F|  |TAMS 0x00000000c4900000, 0x00000000c4900000| Untracked 
|  24|0x00000000c4a00000, 0x00000000c4a00000, 0x00000000c4b00000|  0%| F|  |TAMS 0x00000000c4a00000, 0x00000000c4a00000| Untracked 
|  25|0x00000000c4b00000, 0x00000000c4b00000, 0x00000000c4c00000|  0%| F|  |TAMS 0x00000000c4b00000, 0x00000000c4b00000| Untracked 
|  26|0x00000000c4c00000, 0x00000000c4c00000, 0x00000000c4d00000|  0%| F|  |TAMS 0x00000000c4c00000, 0x00000000c4c00000| Untracked 
|  27|0x00000000c4d00000, 0x00000000c4d00000, 0x00000000c4e00000|  0%| F|  |TAMS 0x00000000c4d00000, 0x00000000c4d00000| Untracked 
|  28|0x00000000c4e00000, 0x00000000c4e00000, 0x00000000c4f00000|  0%| F|  |TAMS 0x00000000c4e00000, 0x00000000c4e00000| Untracked 
|  29|0x00000000c4f00000, 0x00000000c4f00000, 0x00000000c5000000|  0%| F|  |TAMS 0x00000000c4f00000, 0x00000000c4f00000| Untracked 
|  30|0x00000000c5000000, 0x00000000c5000000, 0x00000000c5100000|  0%| F|  |TAMS 0x00000000c5000000, 0x00000000c5000000| Untracked 
|  31|0x00000000c5100000, 0x00000000c5100000, 0x00000000c5200000|  0%| F|  |TAMS 0x00000000c5100000, 0x00000000c5100000| Untracked 
|  32|0x00000000c5200000, 0x00000000c5200000, 0x00000000c5300000|  0%| F|  |TAMS 0x00000000c5200000, 0x00000000c5200000| Untracked 
|  33|0x00000000c5300000, 0x00000000c5300000, 0x00000000c5400000|  0%| F|  |TAMS 0x00000000c5300000, 0x00000000c5300000| Untracked 
|  34|0x00000000c5400000, 0x00000000c5400000, 0x00000000c5500000|  0%| F|  |TAMS 0x00000000c5400000, 0x00000000c5400000| Untracked 
|  35|0x00000000c5500000, 0x00000000c5500000, 0x00000000c5600000|  0%| F|  |TAMS 0x00000000c5500000, 0x00000000c5500000| Untracked 
|  36|0x00000000c5600000, 0x00000000c5600000, 0x00000000c5700000|  0%| F|  |TAMS 0x00000000c5600000, 0x00000000c5600000| Untracked 
|  37|0x00000000c5700000, 0x00000000c5700000, 0x00000000c5800000|  0%| F|  |TAMS 0x00000000c5700000, 0x00000000c5700000| Untracked 
|  38|0x00000000c5800000, 0x00000000c5800000, 0x00000000c5900000|  0%| F|  |TAMS 0x00000000c5800000, 0x00000000c5800000| Untracked 
|  39|0x00000000c5900000, 0x00000000c5900000, 0x00000000c5a00000|  0%| F|  |TAMS 0x00000000c5900000, 0x00000000c5900000| Untracked 
|  40|0x00000000c5a00000, 0x00000000c5a00000, 0x00000000c5b00000|  0%| F|  |TAMS 0x00000000c5a00000, 0x00000000c5a00000| Untracked 
|  41|0x00000000c5b00000, 0x00000000c5b00000, 0x00000000c5c00000|  0%| F|  |TAMS 0x00000000c5b00000, 0x00000000c5b00000| Untracked 
|  42|0x00000000c5c00000, 0x00000000c5c80000, 0x00000000c5d00000| 50%| S|CS|TAMS 0x00000000c5c00000, 0x00000000c5c00000| Complete 
|  43|0x00000000c5d00000, 0x00000000c5e00000, 0x00000000c5e00000|100%| S|CS|TAMS 0x00000000c5d00000, 0x00000000c5d00000| Complete 
|  44|0x00000000c5e00000, 0x00000000c5f00000, 0x00000000c5f00000|100%| S|CS|TAMS 0x00000000c5e00000, 0x00000000c5e00000| Complete 
|  45|0x00000000c5f00000, 0x00000000c6000000, 0x00000000c6000000|100%| S|CS|TAMS 0x00000000c5f00000, 0x00000000c5f00000| Complete 
|  46|0x00000000c6000000, 0x00000000c6100000, 0x00000000c6100000|100%| S|CS|TAMS 0x00000000c6000000, 0x00000000c6000000| Complete 
|  47|0x00000000c6100000, 0x00000000c6200000, 0x00000000c6200000|100%| S|CS|TAMS 0x00000000c6100000, 0x00000000c6100000| Complete 
|  48|0x00000000c6200000, 0x00000000c6200000, 0x00000000c6300000|  0%| F|  |TAMS 0x00000000c6200000, 0x00000000c6200000| Untracked 
|  49|0x00000000c6300000, 0x00000000c6300000, 0x00000000c6400000|  0%| F|  |TAMS 0x00000000c6300000, 0x00000000c6300000| Untracked 
|  50|0x00000000c6400000, 0x00000000c6400000, 0x00000000c6500000|  0%| F|  |TAMS 0x00000000c6400000, 0x00000000c6400000| Untracked 
|  51|0x00000000c6500000, 0x00000000c6500000, 0x00000000c6600000|  0%| F|  |TAMS 0x00000000c6500000, 0x00000000c6500000| Untracked 
|  52|0x00000000c6600000, 0x00000000c6600000, 0x00000000c6700000|  0%| F|  |TAMS 0x00000000c6600000, 0x00000000c6600000| Untracked 
|  53|0x00000000c6700000, 0x00000000c6700000, 0x00000000c6800000|  0%| F|  |TAMS 0x00000000c6700000, 0x00000000c6700000| Untracked 
|  54|0x00000000c6800000, 0x00000000c6900000, 0x00000000c6900000|100%| S|CS|TAMS 0x00000000c6800000, 0x00000000c6800000| Complete 
|  55|0x00000000c6900000, 0x00000000c6900000, 0x00000000c6a00000|  0%| F|  |TAMS 0x00000000c6900000, 0x00000000c6900000| Untracked 
|  56|0x00000000c6a00000, 0x00000000c6a00000, 0x00000000c6b00000|  0%| F|  |TAMS 0x00000000c6a00000, 0x00000000c6a00000| Untracked 
|  57|0x00000000c6b00000, 0x00000000c6b00000, 0x00000000c6c00000|  0%| F|  |TAMS 0x00000000c6b00000, 0x00000000c6b00000| Untracked 
|  58|0x00000000c6c00000, 0x00000000c6c00000, 0x00000000c6d00000|  0%| F|  |TAMS 0x00000000c6c00000, 0x00000000c6c00000| Untracked 
|  59|0x00000000c6d00000, 0x00000000c6d00000, 0x00000000c6e00000|  0%| F|  |TAMS 0x00000000c6d00000, 0x00000000c6d00000| Untracked 
|  60|0x00000000c6e00000, 0x00000000c6e00000, 0x00000000c6f00000|  0%| F|  |TAMS 0x00000000c6e00000, 0x00000000c6e00000| Untracked 
|  61|0x00000000c6f00000, 0x00000000c6f00000, 0x00000000c7000000|  0%| F|  |TAMS 0x00000000c6f00000, 0x00000000c6f00000| Untracked 
|  62|0x00000000c7000000, 0x00000000c7000000, 0x00000000c7100000|  0%| F|  |TAMS 0x00000000c7000000, 0x00000000c7000000| Untracked 
|  63|0x00000000c7100000, 0x00000000c7100000, 0x00000000c7200000|  0%| F|  |TAMS 0x00000000c7100000, 0x00000000c7100000| Untracked 
|  64|0x00000000c7200000, 0x00000000c7200000, 0x00000000c7300000|  0%| F|  |TAMS 0x00000000c7200000, 0x00000000c7200000| Untracked 
|  65|0x00000000c7300000, 0x00000000c7300000, 0x00000000c7400000|  0%| F|  |TAMS 0x00000000c7300000, 0x00000000c7300000| Untracked 
|  66|0x00000000c7400000, 0x00000000c7400000, 0x00000000c7500000|  0%| F|  |TAMS 0x00000000c7400000, 0x00000000c7400000| Untracked 
|  67|0x00000000c7500000, 0x00000000c7500000, 0x00000000c7600000|  0%| F|  |TAMS 0x00000000c7500000, 0x00000000c7500000| Untracked 
|  68|0x00000000c7600000, 0x00000000c7600000, 0x00000000c7700000|  0%| F|  |TAMS 0x00000000c7600000, 0x00000000c7600000| Untracked 
|  69|0x00000000c7700000, 0x00000000c7700000, 0x00000000c7800000|  0%| F|  |TAMS 0x00000000c7700000, 0x00000000c7700000| Untracked 
|  70|0x00000000c7800000, 0x00000000c7800000, 0x00000000c7900000|  0%| F|  |TAMS 0x00000000c7800000, 0x00000000c7800000| Untracked 
|  71|0x00000000c7900000, 0x00000000c7900000, 0x00000000c7a00000|  0%| F|  |TAMS 0x00000000c7900000, 0x00000000c7900000| Untracked 
|  72|0x00000000c7a00000, 0x00000000c7a00000, 0x00000000c7b00000|  0%| F|  |TAMS 0x00000000c7a00000, 0x00000000c7a00000| Untracked 
|  73|0x00000000c7b00000, 0x00000000c7b00000, 0x00000000c7c00000|  0%| F|  |TAMS 0x00000000c7b00000, 0x00000000c7b00000| Untracked 
|  74|0x00000000c7c00000, 0x00000000c7c00000, 0x00000000c7d00000|  0%| F|  |TAMS 0x00000000c7c00000, 0x00000000c7c00000| Untracked 
|  75|0x00000000c7d00000, 0x00000000c7d00000, 0x00000000c7e00000|  0%| F|  |TAMS 0x00000000c7d00000, 0x00000000c7d00000| Untracked 
|  76|0x00000000c7e00000, 0x00000000c7e00000, 0x00000000c7f00000|  0%| F|  |TAMS 0x00000000c7e00000, 0x00000000c7e00000| Untracked 
|  77|0x00000000c7f00000, 0x00000000c7f00000, 0x00000000c8000000|  0%| F|  |TAMS 0x00000000c7f00000, 0x00000000c7f00000| Untracked 
|  78|0x00000000c8000000, 0x00000000c8000000, 0x00000000c8100000|  0%| F|  |TAMS 0x00000000c8000000, 0x00000000c8000000| Untracked 
|  79|0x00000000c8100000, 0x00000000c8100000, 0x00000000c8200000|  0%| F|  |TAMS 0x00000000c8100000, 0x00000000c8100000| Untracked 
|  80|0x00000000c8200000, 0x00000000c8200000, 0x00000000c8300000|  0%| F|  |TAMS 0x00000000c8200000, 0x00000000c8200000| Untracked 
|  81|0x00000000c8300000, 0x00000000c8300000, 0x00000000c8400000|  0%| F|  |TAMS 0x00000000c8300000, 0x00000000c8300000| Untracked 
|  82|0x00000000c8400000, 0x00000000c8400000, 0x00000000c8500000|  0%| F|  |TAMS 0x00000000c8400000, 0x00000000c8400000| Untracked 
|  83|0x00000000c8500000, 0x00000000c8500000, 0x00000000c8600000|  0%| F|  |TAMS 0x00000000c8500000, 0x00000000c8500000| Untracked 
|  84|0x00000000c8600000, 0x00000000c8600000, 0x00000000c8700000|  0%| F|  |TAMS 0x00000000c8600000, 0x00000000c8600000| Untracked 
|  85|0x00000000c8700000, 0x00000000c8700000, 0x00000000c8800000|  0%| F|  |TAMS 0x00000000c8700000, 0x00000000c8700000| Untracked 
|  86|0x00000000c8800000, 0x00000000c8800000, 0x00000000c8900000|  0%| F|  |TAMS 0x00000000c8800000, 0x00000000c8800000| Untracked 
|  87|0x00000000c8900000, 0x00000000c8900000, 0x00000000c8a00000|  0%| F|  |TAMS 0x00000000c8900000, 0x00000000c8900000| Untracked 
|  88|0x00000000c8a00000, 0x00000000c8a00000, 0x00000000c8b00000|  0%| F|  |TAMS 0x00000000c8a00000, 0x00000000c8a00000| Untracked 
|  89|0x00000000c8b00000, 0x00000000c8b00000, 0x00000000c8c00000|  0%| F|  |TAMS 0x00000000c8b00000, 0x00000000c8b00000| Untracked 
|  90|0x00000000c8c00000, 0x00000000c8c00000, 0x00000000c8d00000|  0%| F|  |TAMS 0x00000000c8c00000, 0x00000000c8c00000| Untracked 
|  91|0x00000000c8d00000, 0x00000000c8d00000, 0x00000000c8e00000|  0%| F|  |TAMS 0x00000000c8d00000, 0x00000000c8d00000| Untracked 
|  92|0x00000000c8e00000, 0x00000000c8e00000, 0x00000000c8f00000|  0%| F|  |TAMS 0x00000000c8e00000, 0x00000000c8e00000| Untracked 
|  93|0x00000000c8f00000, 0x00000000c8f00000, 0x00000000c9000000|  0%| F|  |TAMS 0x00000000c8f00000, 0x00000000c8f00000| Untracked 
|  94|0x00000000c9000000, 0x00000000c9000000, 0x00000000c9100000|  0%| F|  |TAMS 0x00000000c9000000, 0x00000000c9000000| Untracked 
|  95|0x00000000c9100000, 0x00000000c9100000, 0x00000000c9200000|  0%| F|  |TAMS 0x00000000c9100000, 0x00000000c9100000| Untracked 
|  96|0x00000000c9200000, 0x00000000c9200000, 0x00000000c9300000|  0%| F|  |TAMS 0x00000000c9200000, 0x00000000c9200000| Untracked 
|  97|0x00000000c9300000, 0x00000000c9300000, 0x00000000c9400000|  0%| F|  |TAMS 0x00000000c9300000, 0x00000000c9300000| Untracked 
|  98|0x00000000c9400000, 0x00000000c9400000, 0x00000000c9500000|  0%| F|  |TAMS 0x00000000c9400000, 0x00000000c9400000| Untracked 
|  99|0x00000000c9500000, 0x00000000c9500000, 0x00000000c9600000|  0%| F|  |TAMS 0x00000000c9500000, 0x00000000c9500000| Untracked 
| 100|0x00000000c9600000, 0x00000000c9600000, 0x00000000c9700000|  0%| F|  |TAMS 0x00000000c9600000, 0x00000000c9600000| Untracked 
| 101|0x00000000c9700000, 0x00000000c9700000, 0x00000000c9800000|  0%| F|  |TAMS 0x00000000c9700000, 0x00000000c9700000| Untracked 
| 102|0x00000000c9800000, 0x00000000c9800000, 0x00000000c9900000|  0%| F|  |TAMS 0x00000000c9800000, 0x00000000c9800000| Untracked 
| 103|0x00000000c9900000, 0x00000000c9900000, 0x00000000c9a00000|  0%| F|  |TAMS 0x00000000c9900000, 0x00000000c9900000| Untracked 
| 104|0x00000000c9a00000, 0x00000000c9a00000, 0x00000000c9b00000|  0%| F|  |TAMS 0x00000000c9a00000, 0x00000000c9a00000| Untracked 
| 105|0x00000000c9b00000, 0x00000000c9b00000, 0x00000000c9c00000|  0%| F|  |TAMS 0x00000000c9b00000, 0x00000000c9b00000| Untracked 
| 106|0x00000000c9c00000, 0x00000000c9c00000, 0x00000000c9d00000|  0%| F|  |TAMS 0x00000000c9c00000, 0x00000000c9c00000| Untracked 
| 107|0x00000000c9d00000, 0x00000000c9d00000, 0x00000000c9e00000|  0%| F|  |TAMS 0x00000000c9d00000, 0x00000000c9d00000| Untracked 
| 108|0x00000000c9e00000, 0x00000000c9e00000, 0x00000000c9f00000|  0%| F|  |TAMS 0x00000000c9e00000, 0x00000000c9e00000| Untracked 
| 109|0x00000000c9f00000, 0x00000000c9f00000, 0x00000000ca000000|  0%| F|  |TAMS 0x00000000c9f00000, 0x00000000c9f00000| Untracked 
| 110|0x00000000ca000000, 0x00000000ca000000, 0x00000000ca100000|  0%| F|  |TAMS 0x00000000ca000000, 0x00000000ca000000| Untracked 
| 111|0x00000000ca100000, 0x00000000ca100000, 0x00000000ca200000|  0%| F|  |TAMS 0x00000000ca100000, 0x00000000ca100000| Untracked 
| 112|0x00000000ca200000, 0x00000000ca200000, 0x00000000ca300000|  0%| F|  |TAMS 0x00000000ca200000, 0x00000000ca200000| Untracked 
| 113|0x00000000ca300000, 0x00000000ca300000, 0x00000000ca400000|  0%| F|  |TAMS 0x00000000ca300000, 0x00000000ca300000| Untracked 
| 114|0x00000000ca400000, 0x00000000ca400000, 0x00000000ca500000|  0%| F|  |TAMS 0x00000000ca400000, 0x00000000ca400000| Untracked 
| 115|0x00000000ca500000, 0x00000000ca500000, 0x00000000ca600000|  0%| F|  |TAMS 0x00000000ca500000, 0x00000000ca500000| Untracked 
| 116|0x00000000ca600000, 0x00000000ca600000, 0x00000000ca700000|  0%| F|  |TAMS 0x00000000ca600000, 0x00000000ca600000| Untracked 
| 117|0x00000000ca700000, 0x00000000ca700000, 0x00000000ca800000|  0%| F|  |TAMS 0x00000000ca700000, 0x00000000ca700000| Untracked 

Card table byte_map: [0x00007f4ce912d000,0x00007f4ce9314000] _byte_map_base: 0x00007f4ce8b14000

Marking Bits (Prev, Next): (CMBitMap*) 0x00007f4ce40570e8, (CMBitMap*) 0x00007f4ce4057120
 Prev Bits: [0x00007f4ce800e000, 0x00007f4ce8f46000)
 Next Bits: [0x00007f4cc70c8000, 0x00007f4cc8000000)

Polling page: 0x00007f4ced113000

Metaspace:

Usage:
  Non-class:     45.10 MB capacity,    44.38 MB ( 98%) used,   601.10 KB (  1%) free+waste,   144.50 KB ( <1%) overhead. 
      Class:      6.08 MB capacity,     5.63 MB ( 93%) used,   397.82 KB (  6%) free+waste,    66.31 KB (  1%) overhead. 
       Both:     51.19 MB capacity,    50.01 MB ( 98%) used,   998.92 KB (  2%) free+waste,   210.81 KB ( <1%) overhead. 

Virtual space:
  Non-class space:       46.00 MB reserved,      45.20 MB ( 98%) committed 
      Class space:        1.00 GB reserved,       6.12 MB ( <1%) committed 
             Both:        1.04 GB reserved,      51.32 MB (  5%) committed 

Chunk freelists:
   Non-Class:  65.00 KB
       Class:  0 bytes
        Both:  65.00 KB

MaxMetaspaceSize: unlimited
CompressedClassSpaceSize: 1.00 GB
Initial GC threshold: 20.80 MB
Current GC threshold: 58.88 MB
CDS: off

CodeHeap 'non-profiled nmethods': size=120036Kb used=1501Kb max_used=1501Kb free=118534Kb
 bounds [0x00007f4cd42bf000, 0x00007f4cd452f000, 0x00007f4cdb7f8000]
CodeHeap 'profiled nmethods': size=120032Kb used=11904Kb max_used=11904Kb free=108127Kb
 bounds [0x00007f4cccd87000, 0x00007f4ccd937000, 0x00007f4cd42bf000]
CodeHeap 'non-nmethods': size=5692Kb used=1227Kb max_used=1278Kb free=4464Kb
 bounds [0x00007f4ccc7f8000, 0x00007f4ccca68000, 0x00007f4cccd87000]
 total_blobs=5773 nmethods=5266 adapters=420
 compilation: enabled
              stopped_count=0, restarted_count=0
 full_count=0

Compilation events (20 events):
Event: 27.458 Thread 0x00007f4ce4188800 5454   !   2       com.sun.beans.introspect.ClassInfo::getEventSets (47 bytes)
Event: 27.458 Thread 0x00007f4ce4188800 nmethod 5454 0x00007f4ccd920b10 code [0x00007f4ccd920ce0, 0x00007f4ccd921000]
Event: 27.458 Thread 0x00007f4ce4188800 5455       2       java.beans.SimpleBeanInfo::<init> (5 bytes)
Event: 27.459 Thread 0x00007f4ce4188800 nmethod 5455 0x00007f4ccd921110 code [0x00007f4ccd9212c0, 0x00007f4ccd9213b0]
Event: 27.467 Thread 0x00007f4ce4188800 5456       2       java.beans.Introspector::processPropertyDescriptors (959 bytes)
Event: 27.503 Thread 0x00007f4ce4188800 nmethod 5456 0x00007f4ccd921490 code [0x00007f4ccd921b20, 0x00007f4ccd924190]
Event: 27.563 Thread 0x00007f4ce4186800 nmethod 5446 0x00007f4cd4434110 code [0x00007f4cd4434320, 0x00007f4cd4435108]
Event: 27.570 Thread 0x00007f4ce4186800 5447       4       java.lang.StringLatin1::inflate (34 bytes)
Event: 27.583 Thread 0x00007f4ce4188800 5459   !   2       com.sun.proxy.$Proxy44::hashCode (32 bytes)
Event: 27.599 Thread 0x00007f4ce4188800 nmethod 5459 0x00007f4ccd925610 code [0x00007f4ccd9257e0, 0x00007f4ccd925a50]
Event: 27.611 Thread 0x00007f4ce4186800 nmethod 5447 0x00007f4cd4435710 code [0x00007f4cd44358a0, 0x00007f4cd4435b78]
Event: 27.613 Thread 0x00007f4ce4188800 5461       2       org.springframework.beans.factory.support.DefaultListableBeanFactory::findAnnotationOnBean (177 bytes)
Event: 27.613 Thread 0x00007f4ce4186800 5462       4       java.util.ArrayList::clear (43 bytes)
Event: 27.629 Thread 0x00007f4ce4188800 nmethod 5461 0x00007f4ccd925c10 code [0x00007f4ccd925ea0, 0x00007f4ccd9265f0]
Event: 27.629 Thread 0x00007f4ce4188800 5460   !   2       com.sun.proxy.$Proxy43::hashCode (32 bytes)
Event: 27.633 Thread 0x00007f4ce4188800 nmethod 5460 0x00007f4ccd926c10 code [0x00007f4ccd926de0, 0x00007f4ccd927050]
Event: 27.795 Thread 0x00007f4ce4186800 nmethod 5462 0x00007f4cd4435c90 code [0x00007f4cd4435e20, 0x00007f4cd4436098]
Event: 27.811 Thread 0x00007f4ce4186800 5463       4       org.jacoco.agent.rt.internal_28bab1d.core.internal.instr.DuplicateFrameEliminator::visitJumpInsn (15 bytes)
Event: 27.854 Thread 0x00007f4ce4186800 nmethod 5463 0x00007f4cd4436190 code [0x00007f4cd4436340, 0x00007f4cd4436408]
Event: 27.862 Thread 0x00007f4ce4186800 5464       4       org.jacoco.agent.rt.internal_28bab1d.core.internal.instr.DuplicateFrameEliminator::visitFrame (27 bytes)

GC Heap History (20 events):
Event: 9.813 GC heap after
{Heap after GC invocations=11 (full 0):
 garbage-first heap   total 100352K, used 12107K [0x00000000c3200000, 0x0000000100000000)
  region size 1024K, 4 young (4096K), 4 survivors (4096K)
 Metaspace       used 23351K, capacity 23943K, committed 24192K, reserved 1071104K
  class space    used 2368K, capacity 2602K, committed 2688K, reserved 1048576K
}
Event: 11.225 GC heap before
{Heap before GC invocations=11 (full 0):
 garbage-first heap   total 100352K, used 66379K [0x00000000c3200000, 0x0000000100000000)
  region size 1024K, 57 young (58368K), 4 survivors (4096K)
 Metaspace       used 26005K, capacity 26534K, committed 26880K, reserved 1073152K
  class space    used 2759K, capacity 2995K, committed 3072K, reserved 1048576K
}
Event: 11.263 GC heap after
{Heap after GC invocations=12 (full 0):
 garbage-first heap   total 100352K, used 12826K [0x00000000c3200000, 0x0000000100000000)
  region size 1024K, 4 young (4096K), 4 survivors (4096K)
 Metaspace       used 26005K, capacity 26534K, committed 26880K, reserved 1073152K
  class space    used 2759K, capacity 2995K, committed 3072K, reserved 1048576K
}
Event: 12.273 GC heap before
{Heap before GC invocations=12 (full 0):
 garbage-first heap   total 100352K, used 67098K [0x00000000c3200000, 0x0000000100000000)
  region size 1024K, 58 young (59392K), 4 survivors (4096K)
 Metaspace       used 29933K, capacity 30545K, committed 30976K, reserved 1077248K
  class space    used 3218K, capacity 3483K, committed 3584K, reserved 1048576K
}
Event: 12.297 GC heap after
{Heap after GC invocations=13 (full 0):
 garbage-first heap   total 100352K, used 14228K [0x00000000c3200000, 0x0000000100000000)
  region size 1024K, 6 young (6144K), 6 survivors (6144K)
 Metaspace       used 29933K, capacity 30545K, committed 30976K, reserved 1077248K
  class space    used 3218K, capacity 3483K, committed 3584K, reserved 1048576K
}
Event: 13.147 GC heap before
{Heap before GC invocations=13 (full 0):
 garbage-first heap   total 100352K, used 66452K [0x00000000c3200000, 0x0000000100000000)
  region size 1024K, 58 young (59392K), 6 survivors (6144K)
 Metaspace       used 32899K, capacity 33696K, committed 33920K, reserved 1079296K
  class space    used 3531K, capacity 3875K, committed 3968K, reserved 1048576K
}
Event: 13.175 GC heap after
{Heap after GC invocations=14 (full 0):
 garbage-first heap   total 100352K, used 15077K [0x00000000c3200000, 0x0000000100000000)
  region size 1024K, 5 young (5120K), 5 survivors (5120K)
 Metaspace       used 32899K, capacity 33696K, committed 33920K, reserved 1079296K
  class space    used 3531K, capacity 3875K, committed 3968K, reserved 1048576K
}
Event: 13.835 GC heap before
{Heap before GC invocations=14 (full 0):
 garbage-first heap   total 100352K, used 65253K [0x00000000c3200000, 0x0000000100000000)
  region size 1024K, 55 young (56320K), 5 survivors (5120K)
 Metaspace       used 34902K, capacity 35685K, committed 35840K, reserved 1081344K
  class space    used 3747K, capacity 4069K, committed 4096K, reserved 1048576K
}
Event: 13.851 GC heap after
{Heap after GC invocations=15 (full 0):
 garbage-first heap   total 120832K, used 15031K [0x00000000c3200000, 0x0000000100000000)
  region size 1024K, 5 young (5120K), 5 survivors (5120K)
 Metaspace       used 34902K, capacity 35685K, committed 35840K, reserved 1081344K
  class space    used 3747K, capacity 4069K, committed 4096K, reserved 1048576K
}
Event: 15.023 GC heap before
{Heap before GC invocations=16 (full 0):
 garbage-first heap   total 120832K, used 81591K [0x00000000c3200000, 0x0000000100000000)
  region size 1024K, 70 young (71680K), 5 survivors (5120K)
 Metaspace       used 37616K, capacity 38509K, committed 38732K, reserved 1083392K
  class space    used 4077K, capacity 4461K, committed 4480K, reserved 1048576K
}
Event: 15.042 GC heap after
{Heap after GC invocations=17 (full 0):
 garbage-first heap   total 120832K, used 16050K [0x00000000c3200000, 0x0000000100000000)
  region size 1024K, 6 young (6144K), 6 survivors (6144K)
 Metaspace       used 37616K, capacity 38509K, committed 38732K, reserved 1083392K
  class space    used 4077K, capacity 4461K, committed 4480K, reserved 1048576K
}
Event: 17.930 GC heap before
{Heap before GC invocations=17 (full 0):
 garbage-first heap   total 120832K, used 81586K [0x00000000c3200000, 0x0000000100000000)
  region size 1024K, 70 young (71680K), 6 survivors (6144K)
 Metaspace       used 40816K, capacity 41832K, committed 42188K, reserved 1087488K
  class space    used 4400K, capacity 4799K, committed 4864K, reserved 1048576K
}
Event: 18.034 GC heap after
{Heap after GC invocations=18 (full 0):
 garbage-first heap   total 120832K, used 17761K [0x00000000c3200000, 0x0000000100000000)
  region size 1024K, 7 young (7168K), 7 survivors (7168K)
 Metaspace       used 40816K, capacity 41832K, committed 42188K, reserved 1087488K
  class space    used 4400K, capacity 4799K, committed 4864K, reserved 1048576K
}
Event: 20.340 GC heap before
{Heap before GC invocations=18 (full 0):
 garbage-first heap   total 120832K, used 82273K [0x00000000c3200000, 0x0000000100000000)
  region size 1024K, 70 young (71680K), 7 survivors (7168K)
 Metaspace       used 43142K, capacity 44200K, committed 44492K, reserved 1089536K
  class space    used 4649K, capacity 5087K, committed 5120K, reserved 1048576K
}
Event: 20.405 GC heap after
{Heap after GC invocations=19 (full 0):
 garbage-first heap   total 120832K, used 19456K [0x00000000c3200000, 0x0000000100000000)
  region size 1024K, 6 young (6144K), 6 survivors (6144K)
 Metaspace       used 43142K, capacity 44200K, committed 44492K, reserved 1089536K
  class space    used 4649K, capacity 5087K, committed 5120K, reserved 1048576K
}
Event: 22.239 GC heap before
{Heap before GC invocations=19 (full 0):
 garbage-first heap   total 120832K, used 84992K [0x00000000c3200000, 0x0000000100000000)
  region size 1024K, 70 young (71680K), 6 survivors (6144K)
 Metaspace       used 47057K, capacity 48177K, committed 48460K, reserved 1091584K
  class space    used 5295K, capacity 5729K, committed 5760K, reserved 1048576K
}
Event: 22.331 GC heap after
{Heap after GC invocations=20 (full 0):
 garbage-first heap   total 120832K, used 20136K [0x00000000c3200000, 0x0000000100000000)
  region size 1024K, 6 young (6144K), 6 survivors (6144K)
 Metaspace       used 47057K, capacity 48177K, committed 48460K, reserved 1091584K
  class space    used 5295K, capacity 5729K, committed 5760K, reserved 1048576K
}
Event: 25.181 GC heap before
{Heap before GC invocations=20 (full 0):
 garbage-first heap   total 120832K, used 85672K [0x00000000c3200000, 0x0000000100000000)
  region size 1024K, 70 young (71680K), 6 survivors (6144K)
 Metaspace       used 49458K, capacity 50617K, committed 50892K, reserved 1093632K
  class space    used 5571K, capacity 6035K, committed 6144K, reserved 1048576K
}
Event: 25.250 GC heap after
{Heap after GC invocations=21 (full 0):
 garbage-first heap   total 120832K, used 22136K [0x00000000c3200000, 0x0000000100000000)
  region size 1024K, 7 young (7168K), 7 survivors (7168K)
 Metaspace       used 49458K, capacity 50617K, committed 50892K, reserved 1093632K
  class space    used 5571K, capacity 6035K, committed 6144K, reserved 1048576K
}
Event: 27.916 GC heap before
{Heap before GC invocations=21 (full 0):
 garbage-first heap   total 120832K, used 86648K [0x00000000c3200000, 0x0000000100000000)
  region size 1024K, 70 young (71680K), 7 survivors (7168K)
 Metaspace       used 51207K, capacity 52417K, committed 52556K, reserved 1095680K
  class space    used 5765K, capacity 6230K, committed 6272K, reserved 1048576K
}

Deoptimization events (20 events):
Event: 21.918 Thread 0x00007f4ce4029800 DEOPT PACKING pc=0x00007f4ccd058be2 sp=0x00007f4ced0fef20
Event: 21.918 Thread 0x00007f4ce4029800 DEOPT UNPACKING pc=0x00007f4ccc84264a sp=0x00007f4ced0fe598 mode 0
Event: 22.725 Thread 0x00007f4ce4029800 Uncommon trap: trap_request=0xffffff4d fr.pc=0x00007f4cd44104a8 relative=0x0000000000000ca8
Event: 22.725 Thread 0x00007f4ce4029800 Uncommon trap: reason=unstable_if action=reinterpret pc=0x00007f4cd44104a8 method=java.util.HashMap.putVal(ILjava/lang/Object;Ljava/lang/Object;ZZ)Ljava/lang/Object; @ 81 c2
Event: 22.727 Thread 0x00007f4ce4029800 DEOPT PACKING pc=0x00007f4cd44104a8 sp=0x00007f4ced102d40
Event: 22.727 Thread 0x00007f4ce4029800 DEOPT UNPACKING pc=0x00007f4ccc841ea5 sp=0x00007f4ced102c60 mode 2
Event: 22.771 Thread 0x00007f4ce4029800 DEOPT PACKING pc=0x00007f4ccd0525cb sp=0x00007f4ced103150
Event: 22.771 Thread 0x00007f4ce4029800 DEOPT UNPACKING pc=0x00007f4ccc84264a sp=0x00007f4ced102680 mode 0
Event: 23.253 Thread 0x00007f4ce4029800 DEOPT PACKING pc=0x00007f4ccd0525cb sp=0x00007f4ced103a40
Event: 23.253 Thread 0x00007f4ce4029800 DEOPT UNPACKING pc=0x00007f4ccc84264a sp=0x00007f4ced102f70 mode 0
Event: 24.042 Thread 0x00007f4ce4029800 DEOPT PACKING pc=0x00007f4ccd0525cb sp=0x00007f4ced1036d0
Event: 24.042 Thread 0x00007f4ce4029800 DEOPT UNPACKING pc=0x00007f4ccc84264a sp=0x00007f4ced102c00 mode 0
Event: 25.271 Thread 0x00007f4ce4029800 DEOPT PACKING pc=0x00007f4ccd0525cb sp=0x00007f4ced103280
Event: 25.272 Thread 0x00007f4ce4029800 DEOPT UNPACKING pc=0x00007f4ccc84264a sp=0x00007f4ced1027b0 mode 0
Event: 25.902 Thread 0x00007f4ce4029800 DEOPT PACKING pc=0x00007f4ccd0525cb sp=0x00007f4ced0fcab0
Event: 25.902 Thread 0x00007f4ce4029800 DEOPT UNPACKING pc=0x00007f4ccc84264a sp=0x00007f4ced0fbfe0 mode 0
Event: 26.540 Thread 0x00007f4ce4029800 DEOPT PACKING pc=0x00007f4ccd0525cb sp=0x00007f4ced0ff9a0
Event: 26.541 Thread 0x00007f4ce4029800 DEOPT UNPACKING pc=0x00007f4ccc84264a sp=0x00007f4ced0feed0 mode 0
Event: 26.749 Thread 0x00007f4ce4029800 DEOPT PACKING pc=0x00007f4ccd0525cb sp=0x00007f4ced101520
Event: 26.749 Thread 0x00007f4ce4029800 DEOPT UNPACKING pc=0x00007f4ccc84264a sp=0x00007f4ced100a50 mode 0

Classes redefined (0 events):
No events

Internal exceptions (20 events):
Event: 27.311 Thread 0x00007f4ce4029800 Exception <a 'java/lang/ClassNotFoundException'{0x00000000c6ffeed0}: org/springframework/beans/factory/BeanNameAwareCustomizer> (0x00000000c6ffeed0) thrown at [./src/hotspot/share/classfile/systemDictionary.cpp, line 230]
Event: 27.316 Thread 0x00007f4ce4029800 Exception <a 'java/lang/ClassNotFoundException'{0x00000000c6e169d8}: org/springframework/beans/factory/AwareCustomizer> (0x00000000c6e169d8) thrown at [./src/hotspot/share/classfile/systemDictionary.cpp, line 230]
Event: 27.319 Thread 0x00007f4ce4029800 Exception <a 'java/lang/ClassNotFoundException'{0x00000000c6e30640}: org/springframework/beans/factory/InitializingBeanCustomizer> (0x00000000c6e30640) thrown at [./src/hotspot/share/classfile/systemDictionary.cpp, line 230]
Event: 27.326 Thread 0x00007f4ce4029800 Exception <a 'java/lang/ClassNotFoundException'{0x00000000c6e49e58}: org/springframework/beans/factory/DisposableBeanCustomizer> (0x00000000c6e49e58) thrown at [./src/hotspot/share/classfile/systemDictionary.cpp, line 230]
Event: 27.333 Thread 0x00007f4ce4029800 Exception <a 'java/lang/ClassNotFoundException'{0x00000000c6e4c1d8}: java/util/concurrent/ThreadFactoryCustomizer> (0x00000000c6e4c1d8) thrown at [./src/hotspot/share/classfile/systemDictionary.cpp, line 230]
Event: 27.406 Thread 0x00007f4ce4029800 Exception <a 'java/lang/ClassNotFoundException'{0x00000000c6da53f0}: java/lang/ObjectCustomizer> (0x00000000c6da53f0) thrown at [./src/hotspot/share/classfile/systemDictionary.cpp, line 230]
Event: 27.407 Thread 0x00007f4ce4029800 Exception <a 'java/lang/ClassNotFoundException'{0x00000000c6dc3b48}: org/springframework/context/support/ApplicationObjectSupportCustomizer> (0x00000000c6dc3b48) thrown at [./src/hotspot/share/classfile/systemDictionary.cpp, line 230]
Event: 27.408 Thread 0x00007f4ce4029800 Exception <a 'java/lang/ClassNotFoundException'{0x00000000c6de31d0}: org/springframework/web/context/support/WebApplicationObjectSupportCustomizer> (0x00000000c6de31d0) thrown at [./src/hotspot/share/classfile/systemDictionary.cpp, line 230]
Event: 27.409 Thread 0x00007f4ce4029800 Exception <a 'java/lang/ClassNotFoundException'{0x00000000c6dffcc8}: org/springframework/web/servlet/support/WebContentGeneratorCustomizer> (0x00000000c6dffcc8) thrown at [./src/hotspot/share/classfile/systemDictionary.cpp, line 230]
Event: 27.412 Thread 0x00007f4ce4029800 Exception <a 'java/lang/ClassNotFoundException'{0x00000000c6c2a7f0}: org/springframework/web/servlet/mvc/method/AbstractHandlerMethodAdapterCustomizer> (0x00000000c6c2a7f0) thrown at [./src/hotspot/share/classfile/systemDictionary.cpp, line 230]
Event: 27.416 Thread 0x00007f4ce4029800 Exception <a 'java/lang/ClassNotFoundException'{0x00000000c6c50418}: org/springframework/web/servlet/mvc/method/annotation/RequestMappingHandlerAdapterCustomizer> (0x00000000c6c50418) thrown at [./src/hotspot/share/classfile/systemDictionary.cpp, line 230]
Event: 27.431 Thread 0x00007f4ce4029800 Exception <a 'java/lang/ClassNotFoundException'{0x00000000c6cc8da0}: org/springframework/beans/factory/BeanFactoryAwareCustomizer> (0x00000000c6cc8da0) thrown at [./src/hotspot/share/classfile/systemDictionary.cpp, line 230]
Event: 27.433 Thread 0x00007f4ce4029800 Exception <a 'java/lang/ClassNotFoundException'{0x00000000c6ce0190}: org/springframework/beans/factory/AwareCustomizer> (0x00000000c6ce0190) thrown at [./src/hotspot/share/classfile/systemDictionary.cpp, line 230]
Event: 27.438 Thread 0x00007f4ce4029800 Exception <a 'java/lang/ClassNotFoundException'{0x00000000c6cf9600}: org/springframework/beans/factory/InitializingBeanCustomizer> (0x00000000c6cf9600) thrown at [./src/hotspot/share/classfile/systemDictionary.cpp, line 230]
Event: 27.452 Thread 0x00007f4ce4029800 Exception <a 'java/lang/ClassNotFoundException'{0x00000000c6b11fc8}: org/springframework/web/servlet/HandlerAdapterCustomizer> (0x00000000c6b11fc8) thrown at [./src/hotspot/share/classfile/systemDictionary.cpp, line 230]
Event: 27.457 Thread 0x00007f4ce4029800 Exception <a 'java/lang/ClassNotFoundException'{0x00000000c6b28988}: org/springframework/core/OrderedCustomizer> (0x00000000c6b28988) thrown at [./src/hotspot/share/classfile/systemDictionary.cpp, line 230]
Event: 27.464 Thread 0x00007f4ce4029800 Exception <a 'java/lang/ClassNotFoundException'{0x00000000c6b42a38}: org/springframework/web/context/ServletContextAwareCustomizer> (0x00000000c6b42a38) thrown at [./src/hotspot/share/classfile/systemDictionary.cpp, line 230]
Event: 27.466 Thread 0x00007f4ce4029800 Exception <a 'java/lang/ClassNotFoundException'{0x00000000c6b59908}: org/springframework/beans/factory/AwareCustomizer> (0x00000000c6b59908) thrown at [./src/hotspot/share/classfile/systemDictionary.cpp, line 230]
Event: 27.467 Thread 0x00007f4ce4029800 Exception <a 'java/lang/ClassNotFoundException'{0x00000000c6b72e28}: org/springframework/context/ApplicationContextAwareCustomizer> (0x00000000c6b72e28) thrown at [./src/hotspot/share/classfile/systemDictionary.cpp, line 230]
Event: 27.482 Thread 0x00007f4ce4029800 Exception <a 'java/lang/ClassNotFoundException'{0x00000000c6b8a478}: org/springframework/beans/factory/AwareCustomizer> (0x00000000c6b8a478) thrown at [./src/hotspot/share/classfile/systemDictionary.cpp, line 230]

Events (20 events):
Event: 27.655 loading class org/springframework/web/method/annotation/RequestParamMethodArgumentResolver$RequestParamNamedValueInfo done
Event: 27.656 loading class org/springframework/web/multipart/MultipartException
Event: 27.656 loading class org/springframework/web/multipart/MultipartException done
Event: 27.803 loading class org/springframework/web/multipart/support/MissingServletRequestPartException
Event: 27.803 loading class org/springframework/web/multipart/support/MissingServletRequestPartException done
Event: 27.806 loading class org/springframework/web/bind/MissingServletRequestParameterException
Event: 27.806 loading class org/springframework/web/bind/MissingServletRequestParameterException done
Event: 27.816 loading class org/springframework/web/method/annotation/RequestParamMapMethodArgumentResolver
Event: 27.816 loading class org/springframework/web/method/annotation/RequestParamMapMethodArgumentResolver done
Event: 27.834 loading class org/springframework/web/servlet/mvc/method/annotation/PathVariableMethodArgumentResolver
Event: 27.834 loading class org/springframework/web/servlet/mvc/method/annotation/PathVariableMethodArgumentResolver done
Event: 27.837 loading class org/springframework/web/servlet/mvc/method/annotation/PathVariableMethodArgumentResolver$PathVariableNamedValueInfo
Event: 27.837 loading class org/springframework/web/servlet/mvc/method/annotation/PathVariableMethodArgumentResolver$PathVariableNamedValueInfo done
Event: 27.839 loading class org/springframework/web/bind/MissingPathVariableException
Event: 27.839 loading class org/springframework/web/bind/MissingPathVariableException done
Event: 27.841 loading class org/springframework/web/servlet/mvc/method/annotation/PathVariableMapMethodArgumentResolver
Event: 27.841 loading class org/springframework/web/servlet/mvc/method/annotation/PathVariableMapMethodArgumentResolver done
Event: 27.843 loading class org/springframework/web/servlet/mvc/method/annotation/MatrixVariableMethodArgumentResolver
Event: 27.843 loading class org/springframework/web/servlet/mvc/method/annotation/MatrixVariableMethodArgumentResolver done
Event: 27.868 Executing VM operation: G1CollectForAllocation


Dynamic libraries:
c3200000-ca800000 rw-p 00000000 00:00 0 
ce300000-100000000 ---p 00000000 00:00 0 
100000000-100620000 rw-p 00000000 00:00 0 
100620000-140000000 ---p 00000000 00:00 0 
56313180a000-56313180b000 r-xp 00000000 103:01 16815740                  /usr/lib/jvm/java-11-amazon-corretto.x86_64/bin/java
563131a0b000-563131a0c000 r--p 00001000 103:01 16815740                  /usr/lib/jvm/java-11-amazon-corretto.x86_64/bin/java
563131a0c000-563131a0d000 rw-p 00002000 103:01 16815740                  /usr/lib/jvm/java-11-amazon-corretto.x86_64/bin/java
563132db1000-563132e14000 rw-p 00000000 00:00 0                          [heap]
7f4c84000000-7f4c84021000 rw-p 00000000 00:00 0 
7f4c84021000-7f4c88000000 ---p 00000000 00:00 0 
7f4c88a48000-7f4c88df8000 rw-p 00000000 00:00 0 
7f4c88df8000-7f4c88eb8000 ---p 00000000 00:00 0 
7f4c88eb8000-7f4c890b8000 rw-p 00000000 00:00 0 
7f4c890b8000-7f4c892b8000 rw-p 00000000 00:00 0 
7f4c892b8000-7f4c894b8000 rw-p 00000000 00:00 0 
7f4c894b8000-7f4c896b8000 rw-p 00000000 00:00 0 
7f4c896b8000-7f4c898b8000 rw-p 00000000 00:00 0 
7f4c898b8000-7f4c89ab8000 rw-p 00000000 00:00 0 
7f4c89ab8000-7f4c89cab000 rw-p 00000000 00:00 0 
7f4c89cab000-7f4c89cb8000 ---p 00000000 00:00 0 
7f4c89cb8000-7f4c89eb8000 rw-p 00000000 00:00 0 
7f4c89eb8000-7f4c8a0b8000 rw-p 00000000 00:00 0 
7f4c8a0b8000-7f4c8a2b8000 rw-p 00000000 00:00 0 
7f4c8a2b8000-7f4c8a4b8000 rw-p 00000000 00:00 0 
7f4c8a4b8000-7f4c8a4bc000 ---p 00000000 00:00 0 
7f4c8a4bc000-7f4c8a7b9000 rw-p 00000000 00:00 0 
7f4c8a7b9000-7f4c8a7bd000 ---p 00000000 00:00 0 
7f4c8a7bd000-7f4c8aaba000 rw-p 00000000 00:00 0 
7f4c8aaba000-7f4c8acba000 rw-p 00000000 00:00 0 
7f4c8acba000-7f4c8aeba000 rw-p 00000000 00:00 0 
7f4c8aeba000-7f4c8b0ba000 rw-p 00000000 00:00 0 
7f4c8b0ba000-7f4c8b2ba000 rw-p 00000000 00:00 0 
7f4c8b2ba000-7f4c8b2be000 ---p 00000000 00:00 0 
7f4c8b2be000-7f4c8b5bb000 rw-p 00000000 00:00 0 
7f4c8b5bb000-7f4c8b5c1000 r-xp 00000000 103:01 21005849                  /usr/lib/jvm/java-11-amazon-corretto.x86_64/lib/libmanagement_ext.so
7f4c8b5c1000-7f4c8b7c0000 ---p 00006000 103:01 21005849                  /usr/lib/jvm/java-11-amazon-corretto.x86_64/lib/libmanagement_ext.so
7f4c8b7c0000-7f4c8b7c1000 r--p 00005000 103:01 21005849                  /usr/lib/jvm/java-11-amazon-corretto.x86_64/lib/libmanagement_ext.so
7f4c8b7c1000-7f4c8b7c2000 rw-p 00000000 00:00 0 
7f4c8b7c2000-7f4c8b7c6000 r-xp 00000000 103:01 21005847                  /usr/lib/jvm/java-11-amazon-corretto.x86_64/lib/libmanagement.so
7f4c8b7c6000-7f4c8b9c6000 ---p 00004000 103:01 21005847                  /usr/lib/jvm/java-11-amazon-corretto.x86_64/lib/libmanagement.so
7f4c8b9c6000-7f4c8b9c7000 r--p 00004000 103:01 21005847                  /usr/lib/jvm/java-11-amazon-corretto.x86_64/lib/libmanagement.so
7f4c8b9c7000-7f4c8b9c8000 rw-p 00000000 00:00 0 
7f4c8b9c8000-7f4c8b9cc000 ---p 00000000 00:00 0 
7f4c8b9cc000-7f4c8bac9000 rw-p 00000000 00:00 0 
7f4c8bac9000-7f4c8baca000 ---p 00000000 00:00 0 
7f4c8baca000-7f4c8bbcb000 rw-p 00000000 00:00 0 
7f4c8bbcb000-7f4c8bbda000 r-xp 00000000 103:01 845                       /usr/lib64/libbz2.so.1.0.6
7f4c8bbda000-7f4c8bdd9000 ---p 0000f000 103:01 845                       /usr/lib64/libbz2.so.1.0.6
7f4c8bdd9000-7f4c8bdda000 r--p 0000e000 103:01 845                       /usr/lib64/libbz2.so.1.0.6
7f4c8bdda000-7f4c8bddb000 rw-p 0000f000 103:01 845                       /usr/lib64/libbz2.so.1.0.6
7f4c8bddb000-7f4c8bdff000 r-xp 00000000 103:01 478609                    /usr/lib64/liblzma.so.5.2.2
7f4c8bdff000-7f4c8bffe000 ---p 00024000 103:01 478609                    /usr/lib64/liblzma.so.5.2.2
7f4c8bffe000-7f4c8bfff000 r--p 00023000 103:01 478609                    /usr/lib64/liblzma.so.5.2.2
7f4c8bfff000-7f4c8c000000 rw-p 00024000 103:01 478609                    /usr/lib64/liblzma.so.5.2.2
7f4c8c000000-7f4c8cab8000 rw-p 00000000 00:00 0 
7f4c8cab8000-7f4c90000000 ---p 00000000 00:00 0 
7f4c90000000-7f4c90021000 rw-p 00000000 00:00 0 
7f4c90021000-7f4c94000000 ---p 00000000 00:00 0 
7f4c94000000-7f4c94312000 rw-p 00000000 00:00 0 
7f4c94312000-7f4c98000000 ---p 00000000 00:00 0 
7f4c98000000-7f4c9a10a000 rw-p 00000000 00:00 0 
7f4c9a10a000-7f4c9c000000 ---p 00000000 00:00 0 
7f4c9c000000-7f4c9c021000 rw-p 00000000 00:00 0 
7f4c9c021000-7f4ca0000000 ---p 00000000 00:00 0 
7f4ca0050000-7f4ca0067000 r-xp 00000000 103:01 478840                    /usr/lib64/libelf-0.176.so
7f4ca0067000-7f4ca0266000 ---p 00017000 103:01 478840                    /usr/lib64/libelf-0.176.so
7f4ca0266000-7f4ca0267000 r--p 00016000 103:01 478840                    /usr/lib64/libelf-0.176.so
7f4ca0267000-7f4ca0268000 rw-p 00017000 103:01 478840                    /usr/lib64/libelf-0.176.so
7f4ca0268000-7f4ca027d000 r-xp 00000000 103:01 847                       /usr/lib64/libgcc_s-7-20180712.so.1
7f4ca027d000-7f4ca047c000 ---p 00015000 103:01 847                       /usr/lib64/libgcc_s-7-20180712.so.1
7f4ca047c000-7f4ca047d000 r--p 00014000 103:01 847                       /usr/lib64/libgcc_s-7-20180712.so.1
7f4ca047d000-7f4ca047e000 rw-p 00015000 103:01 847                       /usr/lib64/libgcc_s-7-20180712.so.1
7f4ca047e000-7f4ca04cd000 r-xp 00000000 103:01 760698                    /usr/lib64/libdw-0.176.so
7f4ca04cd000-7f4ca06cc000 ---p 0004f000 103:01 760698                    /usr/lib64/libdw-0.176.so
7f4ca06cc000-7f4ca06ce000 r--p 0004e000 103:01 760698                    /usr/lib64/libdw-0.176.so
7f4ca06ce000-7f4ca06cf000 rw-p 00050000 103:01 760698                    /usr/lib64/libdw-0.176.so
7f4ca06cf000-7f4ca06d6000 r-xp 00000000 103:01 850                       /usr/lib64/libcap.so.2.54
7f4ca06d6000-7f4ca08d6000 ---p 00007000 103:01 850                       /usr/lib64/libcap.so.2.54
7f4ca08d6000-7f4ca08d7000 r--p 00007000 103:01 850                       /usr/lib64/libcap.so.2.54
7f4ca08d7000-7f4ca08d8000 rw-p 00008000 103:01 850                       /usr/lib64/libcap.so.2.54
7f4ca08d8000-7f4ca08e8000 r-xp 00000000 103:01 478611                    /usr/lib64/libnss_myhostname.so.2
7f4ca08e8000-7f4ca0ae7000 ---p 00010000 103:01 478611                    /usr/lib64/libnss_myhostname.so.2
7f4ca0ae7000-7f4ca0aea000 r--p 0000f000 103:01 478611                    /usr/lib64/libnss_myhostname.so.2
7f4ca0aea000-7f4ca0aeb000 rw-p 00012000 103:01 478611                    /usr/lib64/libnss_myhostname.so.2
7f4ca0aeb000-7f4ca0afe000 r-xp 00000000 103:01 136                       /usr/lib64/libresolv-2.26.so
7f4ca0afe000-7f4ca0cfd000 ---p 00013000 103:01 136                       /usr/lib64/libresolv-2.26.so
7f4ca0cfd000-7f4ca0cfe000 r--p 00012000 103:01 136                       /usr/lib64/libresolv-2.26.so
7f4ca0cfe000-7f4ca0cff000 rw-p 00013000 103:01 136                       /usr/lib64/libresolv-2.26.so
7f4ca0cff000-7f4ca0d01000 rw-p 00000000 00:00 0 
7f4ca0d01000-7f4ca0d06000 r-xp 00000000 103:01 130                       /usr/lib64/libnss_dns-2.26.so
7f4ca0d06000-7f4ca0f05000 ---p 00005000 103:01 130                       /usr/lib64/libnss_dns-2.26.so
7f4ca0f05000-7f4ca0f06000 r--p 00004000 103:01 130                       /usr/lib64/libnss_dns-2.26.so
7f4ca0f06000-7f4ca0f07000 rw-p 00005000 103:01 130                       /usr/lib64/libnss_dns-2.26.so
7f4ca0f07000-7f4ca0f08000 ---p 00000000 00:00 0 
7f4ca0f08000-7f4ca1009000 rw-p 00000000 00:00 0 
7f4ca1009000-7f4ca101e000 r-xp 00000000 103:01 21005851                  /usr/lib/jvm/java-11-amazon-corretto.x86_64/lib/libnet.so
7f4ca101e000-7f4ca121d000 ---p 00015000 103:01 21005851                  /usr/lib/jvm/java-11-amazon-corretto.x86_64/lib/libnet.so
7f4ca121d000-7f4ca121e000 r--p 00014000 103:01 21005851                  /usr/lib/jvm/java-11-amazon-corretto.x86_64/lib/libnet.so
7f4ca121e000-7f4ca121f000 rw-p 00015000 103:01 21005851                  /usr/lib/jvm/java-11-amazon-corretto.x86_64/lib/libnet.so
7f4ca121f000-7f4ca122f000 r-xp 00000000 103:01 21005852                  /usr/lib/jvm/java-11-amazon-corretto.x86_64/lib/libnio.so
7f4ca122f000-7f4ca142e000 ---p 00010000 103:01 21005852                  /usr/lib/jvm/java-11-amazon-corretto.x86_64/lib/libnio.so
7f4ca142e000-7f4ca142f000 r--p 0000f000 103:01 21005852                  /usr/lib/jvm/java-11-amazon-corretto.x86_64/lib/libnio.so
7f4ca142f000-7f4ca1430000 rw-p 00010000 103:01 21005852                  /usr/lib/jvm/java-11-amazon-corretto.x86_64/lib/libnio.so
7f4ca1430000-7f4ca8000000 r--p 00000000 103:01 12957004                  /usr/lib/locale/locale-archive
7f4ca8000000-7f4ca8021000 rw-p 00000000 00:00 0 
7f4ca8021000-7f4cac000000 ---p 00000000 00:00 0 
7f4cac000000-7f4cac04b000 rw-p 00000000 00:00 0 
7f4cac04b000-7f4cb0000000 ---p 00000000 00:00 0 
7f4cb0000000-7f4cb0021000 rw-p 00000000 00:00 0 
7f4cb0021000-7f4cb4000000 ---p 00000000 00:00 0 
7f4cb4000000-7f4cb4194000 rw-p 00000000 00:00 0 
7f4cb4194000-7f4cb8000000 ---p 00000000 00:00 0 
7f4cb8000000-7f4cb8021000 rw-p 00000000 00:00 0 
7f4cb8021000-7f4cbc000000 ---p 00000000 00:00 0 
7f4cbc000000-7f4cbc021000 rw-p 00000000 00:00 0 
7f4cbc021000-7f4cc0000000 ---p 00000000 00:00 0 
7f4cc0000000-7f4cc0021000 rw-p 00000000 00:00 0 
7f4cc0021000-7f4cc4000000 ---p 00000000 00:00 0 
7f4cc40c0000-7f4cc40c4000 ---p 00000000 00:00 0 
7f4cc40c4000-7f4cc41c1000 rw-p 00000000 00:00 0 
7f4cc41c1000-7f4cc41c5000 ---p 00000000 00:00 0 
7f4cc41c5000-7f4cc42c2000 rw-p 00000000 00:00 0 
7f4cc42c2000-7f4cc42c6000 ---p 00000000 00:00 0 
7f4cc42c6000-7f4cc43c3000 rw-p 00000000 00:00 0 
7f4cc43c3000-7f4cc43c7000 ---p 00000000 00:00 0 
7f4cc43c7000-7f4cc44c4000 rw-p 00000000 00:00 0 
7f4cc44c4000-7f4cc44c8000 ---p 00000000 00:00 0 
7f4cc44c8000-7f4cc45c5000 rw-p 00000000 00:00 0 
7f4cc45c5000-7f4cc45c9000 ---p 00000000 00:00 0 
7f4cc45c9000-7f4cc46c6000 rw-p 00000000 00:00 0 
7f4cc46c6000-7f4cc46ca000 ---p 00000000 00:00 0 
7f4cc46ca000-7f4cc47c7000 rw-p 00000000 00:00 0 
7f4cc47c7000-7f4cc47cb000 ---p 00000000 00:00 0 
7f4cc47cb000-7f4cc72a0000 rw-p 00000000 00:00 0 
7f4cc72a0000-7f4cc8000000 ---p 00000000 00:00 0 
7f4cc8000000-7f4cc804d000 rw-p 00000000 00:00 0 
7f4cc804d000-7f4ccc000000 ---p 00000000 00:00 0 
7f4ccc06b000-7f4ccc06c000 ---p 00000000 00:00 0 
7f4ccc06c000-7f4ccc1ee000 rw-p 00000000 00:00 0 
7f4ccc1ee000-7f4ccc1ef000 ---p 00000000 00:00 0 
7f4ccc1ef000-7f4ccc2f0000 rw-p 00000000 00:00 0 
7f4ccc2f0000-7f4ccc2f1000 ---p 00000000 00:00 0 
7f4ccc2f1000-7f4ccc5f4000 rw-p 00000000 00:00 0 
7f4ccc5f4000-7f4ccc5f5000 ---p 00000000 00:00 0 
7f4ccc5f5000-7f4ccc6f6000 rw-p 00000000 00:00 0 
7f4ccc6f6000-7f4ccc6f7000 ---p 00000000 00:00 0 
7f4ccc6f7000-7f4ccc7f8000 rw-p 00000000 00:00 0 
7f4ccc7f8000-7f4ccca68000 rwxp 00000000 00:00 0 
7f4ccca68000-7f4cccd87000 ---p 00000000 00:00 0 
7f4cccd87000-7f4ccd937000 rwxp 00000000 00:00 0 
7f4ccd937000-7f4cd42bf000 ---p 00000000 00:00 0 
7f4cd42bf000-7f4cd452f000 rwxp 00000000 00:00 0 
7f4cd452f000-7f4cdb7f8000 ---p 00000000 00:00 0 
7f4cdb7f8000-7f4ce4000000 r--s 00000000 103:01 21005861                  /usr/lib/jvm/java-11-amazon-corretto.x86_64/lib/modules
7f4ce4000000-7f4ce58a5000 rw-p 00000000 00:00 0 
7f4ce58a5000-7f4ce8000000 ---p 00000000 00:00 0 
7f4ce800e000-7f4ce81e6000 rw-p 00000000 00:00 0 
7f4ce81e6000-7f4ce8f46000 ---p 00000000 00:00 0 
7f4ce8f46000-7f4ce8f81000 rw-p 00000000 00:00 0 
7f4ce8f81000-7f4ce912d000 ---p 00000000 00:00 0 
7f4ce912d000-7f4ce9168000 rw-p 00000000 00:00 0 
7f4ce9168000-7f4ce9314000 ---p 00000000 00:00 0 
7f4ce9314000-7f4ce934f000 rw-p 00000000 00:00 0 
7f4ce934f000-7f4ce94fb000 ---p 00000000 00:00 0 
7f4ce94fb000-7f4ce96fd000 rw-p 00000000 00:00 0 
7f4ce96fd000-7f4ce96fe000 ---p 00000000 00:00 0 
7f4ce96fe000-7f4ce9804000 rw-p 00000000 00:00 0 
7f4ce9804000-7f4ce98ea000 ---p 00000000 00:00 0 
7f4ce98ea000-7f4ce9902000 rw-p 00000000 00:00 0 
7f4ce9902000-7f4ce99d5000 ---p 00000000 00:00 0 
7f4ce99d5000-7f4ce99dc000 r-xp 00000000 103:01 21005860                  /usr/lib/jvm/java-11-amazon-corretto.x86_64/lib/libzip.so
7f4ce99dc000-7f4ce9bdc000 ---p 00007000 103:01 21005860                  /usr/lib/jvm/java-11-amazon-corretto.x86_64/lib/libzip.so
7f4ce9bdc000-7f4ce9bdd000 r--p 00007000 103:01 21005860                  /usr/lib/jvm/java-11-amazon-corretto.x86_64/lib/libzip.so
7f4ce9bdd000-7f4ce9bde000 rw-p 00000000 00:00 0 
7f4ce9bde000-7f4ce9bec000 r-xp 00000000 103:01 132                       /usr/lib64/libnss_files-2.26.so
7f4ce9bec000-7f4ce9deb000 ---p 0000e000 103:01 132                       /usr/lib64/libnss_files-2.26.so
7f4ce9deb000-7f4ce9dec000 r--p 0000d000 103:01 132                       /usr/lib64/libnss_files-2.26.so
7f4ce9dec000-7f4ce9ded000 rw-p 0000e000 103:01 132                       /usr/lib64/libnss_files-2.26.so
7f4ce9ded000-7f4ce9df3000 rw-p 00000000 00:00 0 
7f4ce9df3000-7f4ce9dfb000 r-xp 00000000 103:01 587437                    /usr/lib64/libnss_sss.so.2
7f4ce9dfb000-7f4ce9ffa000 ---p 00008000 103:01 587437                    /usr/lib64/libnss_sss.so.2
7f4ce9ffa000-7f4ce9ffb000 r--p 00007000 103:01 587437                    /usr/lib64/libnss_sss.so.2
7f4ce9ffb000-7f4ce9ffc000 rw-p 00008000 103:01 587437                    /usr/lib64/libnss_sss.so.2
7f4ce9ffc000-7f4cea006000 r-xp 00000000 103:01 21005835                  /usr/lib/jvm/java-11-amazon-corretto.x86_64/lib/libinstrument.so
7f4cea006000-7f4cea205000 ---p 0000a000 103:01 21005835                  /usr/lib/jvm/java-11-amazon-corretto.x86_64/lib/libinstrument.so
7f4cea205000-7f4cea206000 r--p 00009000 103:01 21005835                  /usr/lib/jvm/java-11-amazon-corretto.x86_64/lib/libinstrument.so
7f4cea206000-7f4cea207000 rw-p 0000a000 103:01 21005835                  /usr/lib/jvm/java-11-amazon-corretto.x86_64/lib/libinstrument.so
7f4cea207000-7f4cea221000 r-xp 00000000 103:01 21005843                  /usr/lib/jvm/java-11-amazon-corretto.x86_64/lib/libjimage.so
7f4cea221000-7f4cea420000 ---p 0001a000 103:01 21005843                  /usr/lib/jvm/java-11-amazon-corretto.x86_64/lib/libjimage.so
7f4cea420000-7f4cea422000 r--p 00019000 103:01 21005843                  /usr/lib/jvm/java-11-amazon-corretto.x86_64/lib/libjimage.so
7f4cea422000-7f4cea423000 rw-p 0001b000 103:01 21005843                  /usr/lib/jvm/java-11-amazon-corretto.x86_64/lib/libjimage.so
7f4cea423000-7f4cea44c000 r-xp 00000000 103:01 21005840                  /usr/lib/jvm/java-11-amazon-corretto.x86_64/lib/libjava.so
7f4cea44c000-7f4cea64c000 ---p 00029000 103:01 21005840                  /usr/lib/jvm/java-11-amazon-corretto.x86_64/lib/libjava.so
7f4cea64c000-7f4cea64d000 r--p 00029000 103:01 21005840                  /usr/lib/jvm/java-11-amazon-corretto.x86_64/lib/libjava.so
7f4cea64d000-7f4cea64e000 rw-p 0002a000 103:01 21005840                  /usr/lib/jvm/java-11-amazon-corretto.x86_64/lib/libjava.so
7f4cea64e000-7f4cea64f000 rw-p 00000000 00:00 0 
7f4cea64f000-7f4cea660000 r-xp 00000000 103:01 21005859                  /usr/lib/jvm/java-11-amazon-corretto.x86_64/lib/libverify.so
7f4cea660000-7f4cea85f000 ---p 00011000 103:01 21005859                  /usr/lib/jvm/java-11-amazon-corretto.x86_64/lib/libverify.so
7f4cea85f000-7f4cea861000 r--p 00010000 103:01 21005859                  /usr/lib/jvm/java-11-amazon-corretto.x86_64/lib/libverify.so
7f4cea861000-7f4cea862000 rw-p 00000000 00:00 0 
7f4cea862000-7f4cea869000 r-xp 00000000 103:01 138                       /usr/lib64/librt-2.26.so
7f4cea869000-7f4ceaa68000 ---p 00007000 103:01 138                       /usr/lib64/librt-2.26.so
7f4ceaa68000-7f4ceaa69000 r--p 00006000 103:01 138                       /usr/lib64/librt-2.26.so
7f4ceaa69000-7f4ceaa6a000 rw-p 00007000 103:01 138                       /usr/lib64/librt-2.26.so
7f4ceaa6a000-7f4ceaba9000 r-xp 00000000 103:01 122                       /usr/lib64/libm-2.26.so
7f4ceaba9000-7f4ceada8000 ---p 0013f000 103:01 122                       /usr/lib64/libm-2.26.so
7f4ceada8000-7f4ceada9000 r--p 0013e000 103:01 122                       /usr/lib64/libm-2.26.so
7f4ceada9000-7f4ceadaa000 rw-p 0013f000 103:01 122                       /usr/lib64/libm-2.26.so
7f4ceadaa000-7f4cebfa5000 r-xp 00000000 103:01 125741                    /usr/lib/jvm/java-11-amazon-corretto.x86_64/lib/server/libjvm.so
7f4cebfa5000-7f4cec1a5000 ---p 011fb000 103:01 125741                    /usr/lib/jvm/java-11-amazon-corretto.x86_64/lib/server/libjvm.so
7f4cec1a5000-7f4cec26a000 r--p 011fb000 103:01 125741                    /usr/lib/jvm/java-11-amazon-corretto.x86_64/lib/server/libjvm.so
7f4cec26a000-7f4cec2a5000 rw-p 012c0000 103:01 125741                    /usr/lib/jvm/java-11-amazon-corretto.x86_64/lib/server/libjvm.so
7f4cec2a5000-7f4cec2fd000 rw-p 00000000 00:00 0 
7f4cec2fd000-7f4cec4a1000 r-xp 00000000 103:01 46375                     /usr/lib64/libc-2.26.so
7f4cec4a1000-7f4cec6a0000 ---p 001a4000 103:01 46375                     /usr/lib64/libc-2.26.so
7f4cec6a0000-7f4cec6a4000 r--p 001a3000 103:01 46375                     /usr/lib64/libc-2.26.so
7f4cec6a4000-7f4cec6a6000 rw-p 001a7000 103:01 46375                     /usr/lib64/libc-2.26.so
7f4cec6a6000-7f4cec6aa000 rw-p 00000000 00:00 0 
7f4cec6aa000-7f4cec6ad000 r-xp 00000000 103:01 120                       /usr/lib64/libdl-2.26.so
7f4cec6ad000-7f4cec8ac000 ---p 00003000 103:01 120                       /usr/lib64/libdl-2.26.so
7f4cec8ac000-7f4cec8ad000 r--p 00002000 103:01 120                       /usr/lib64/libdl-2.26.so
7f4cec8ad000-7f4cec8ae000 rw-p 00003000 103:01 120                       /usr/lib64/libdl-2.26.so
7f4cec8ae000-7f4cec8bd000 r-xp 00000000 103:01 29362333                  /usr/lib/jvm/java-11-amazon-corretto.x86_64/lib/jli/libjli.so
7f4cec8bd000-7f4cecabd000 ---p 0000f000 103:01 29362333                  /usr/lib/jvm/java-11-amazon-corretto.x86_64/lib/jli/libjli.so
7f4cecabd000-7f4cecabe000 r--p 0000f000 103:01 29362333                  /usr/lib/jvm/java-11-amazon-corretto.x86_64/lib/jli/libjli.so
7f4cecabe000-7f4cecabf000 rw-p 00010000 103:01 29362333                  /usr/lib/jvm/java-11-amazon-corretto.x86_64/lib/jli/libjli.so
7f4cecabf000-7f4cecad7000 r-xp 00000000 103:01 134                       /usr/lib64/libpthread-2.26.so
7f4cecad7000-7f4ceccd7000 ---p 00018000 103:01 134                       /usr/lib64/libpthread-2.26.so
7f4ceccd7000-7f4ceccd8000 r--p 00018000 103:01 134                       /usr/lib64/libpthread-2.26.so
7f4ceccd8000-7f4ceccd9000 rw-p 00019000 103:01 134                       /usr/lib64/libpthread-2.26.so
7f4ceccd9000-7f4ceccdd000 rw-p 00000000 00:00 0 
7f4ceccdd000-7f4ceccf1000 r-xp 00000000 103:01 153                       /usr/lib64/libz.so.1.2.7
7f4ceccf1000-7f4cecef0000 ---p 00014000 103:01 153                       /usr/lib64/libz.so.1.2.7
7f4cecef0000-7f4cecef1000 r--p 00013000 103:01 153                       /usr/lib64/libz.so.1.2.7
7f4cecef1000-7f4cecef2000 rw-p 00014000 103:01 153                       /usr/lib64/libz.so.1.2.7
7f4cecef2000-7f4cecf16000 r-xp 00000000 103:01 46368                     /usr/lib64/ld-2.26.so
7f4cecf50000-7f4cecf57000 r--s 00000000 103:01 8412785                   /usr/lib64/gconv/gconv-modules.cache
7f4cecf57000-7f4cecf5b000 ---p 00000000 00:00 0 
7f4cecf5b000-7f4cecffa000 rw-p 00000000 00:00 0 
7f4cecffa000-7f4ced001000 ---p 00000000 00:00 0 
7f4ced001000-7f4ced009000 rw-s 00000000 103:01 16982482                  /tmp/hsperfdata_ec2-user/21514
7f4ced009000-7f4ced00d000 ---p 00000000 00:00 0 
7f4ced00d000-7f4ced10e000 rw-p 00000000 00:00 0 
7f4ced113000-7f4ced114000 ---p 00000000 00:00 0 
7f4ced114000-7f4ced115000 r--p 00000000 00:00 0 
7f4ced115000-7f4ced116000 r--p 00023000 103:01 46368                     /usr/lib64/ld-2.26.so
7f4ced116000-7f4ced117000 rw-p 00024000 103:01 46368                     /usr/lib64/ld-2.26.so
7f4ced117000-7f4ced118000 rw-p 00000000 00:00 0 
7ffcfc198000-7ffcfc1b9000 rw-p 00000000 00:00 0                          [stack]
7ffcfc1e1000-7ffcfc1e4000 r--p 00000000 00:00 0                          [vvar]
7ffcfc1e4000-7ffcfc1e6000 r-xp 00000000 00:00 0                          [vdso]
ffffffffff600000-ffffffffff601000 r-xp 00000000 00:00 0                  [vsyscall]


VM Arguments:
jvm_args: -javaagent:/home/ec2-user/.m2/repository/org/jacoco/org.jacoco.agent/0.8.2/org.jacoco.agent-0.8.2-runtime.jar=destfile=/home/ec2-user/microservices-project/spring-petclinic-customers-service/target/jacoco.exec 
java_command: /home/ec2-user/microservices-project/spring-petclinic-customers-service/target/surefire/surefirebooter7526476555860106361.jar /home/ec2-user/microservices-project/spring-petclinic-customers-service/target/surefire 2023-02-14T09-23-19_776-jvmRun1 surefire4348589003458405616tmp surefire_017680679168231134423tmp
java_class_path (initial): /home/ec2-user/microservices-project/spring-petclinic-customers-service/target/surefire/surefirebooter7526476555860106361.jar
Launcher Type: SUN_STANDARD

[Global flags]
     intx CICompilerCount                          = 2                                         {product} {ergonomic}
     uint ConcGCThreads                            = 1                                         {product} {ergonomic}
     uint G1ConcRefinementThreads                  = 2                                         {product} {ergonomic}
   size_t G1HeapRegionSize                         = 1048576                                   {product} {ergonomic}
    uintx GCDrainStackTargetSize                   = 64                                        {product} {ergonomic}
   size_t InitialHeapSize                          = 65011712                                  {product} {ergonomic}
   size_t MarkStackSize                            = 4194304                                   {product} {ergonomic}
   size_t MaxHeapSize                              = 1021313024                                {product} {ergonomic}
   size_t MaxNewSize                               = 612368384                                 {product} {ergonomic}
   size_t MinHeapDeltaBytes                        = 1048576                                   {product} {ergonomic}
    uintx NonNMethodCodeHeapSize                   = 5825164                                {pd product} {ergonomic}
    uintx NonProfiledCodeHeapSize                  = 122916538                              {pd product} {ergonomic}
    uintx ProfiledCodeHeapSize                     = 122916538                              {pd product} {ergonomic}
    uintx ReservedCodeCacheSize                    = 251658240                              {pd product} {ergonomic}
     bool SegmentedCodeCache                       = true                                      {product} {ergonomic}
     bool UseCompressedClassPointers               = true                                 {lp64_product} {ergonomic}
     bool UseCompressedOops                        = true                                 {lp64_product} {ergonomic}
     bool UseG1GC                                  = true                                      {product} {ergonomic}

Logging:
Log output configuration:
 #0: stdout all=warning uptime,level,tags
 #1: stderr all=off uptime,level,tags

Environment Variables:
JAVA_HOME=/usr/lib/jvm/java-11-amazon-corretto.x86_64
PATH=/home/ec2-user/.vscode-server/bin/441438abd1ac652551dbe4d408dfcec8a499b8bf/bin/remote-cli:/usr/local/bin:/usr/bin:/usr/local/sbin:/usr/sbin:/home/ec2-user/.local/bin:/home/ec2-user/bin
SHELL=/bin/bash
LANG=en_US.UTF-8
TERM=xterm-256color

Signal Handlers:
SIGSEGV: [libjvm.so+0xedb370], sa_mask[0]=11111111011111111101111111111110, sa_flags=SA_RESTART|SA_SIGINFO
SIGBUS: [libjvm.so+0xedb370], sa_mask[0]=11111111011111111101111111111110, sa_flags=SA_RESTART|SA_SIGINFO
SIGFPE: [libjvm.so+0xedb370], sa_mask[0]=11111111011111111101111111111110, sa_flags=SA_RESTART|SA_SIGINFO
SIGPIPE: [libjvm.so+0xc16720], sa_mask[0]=11111111011111111101111111111110, sa_flags=SA_RESTART|SA_SIGINFO
SIGXFSZ: [libjvm.so+0xc16720], sa_mask[0]=11111111011111111101111111111110, sa_flags=SA_RESTART|SA_SIGINFO
SIGILL: [libjvm.so+0xedb370], sa_mask[0]=11111111011111111101111111111110, sa_flags=SA_RESTART|SA_SIGINFO
SIGUSR2: [libjvm.so+0xc165e0], sa_mask[0]=00100000000000000000000000000000, sa_flags=SA_RESTART|SA_SIGINFO
SIGHUP: [libjvm.so+0xc16770], sa_mask[0]=11111111011111111101111111111110, sa_flags=SA_RESTART|SA_SIGINFO
SIGINT: [libjvm.so+0xc16770], sa_mask[0]=11111111011111111101111111111110, sa_flags=SA_RESTART|SA_SIGINFO
SIGTERM: [libjvm.so+0xc16770], sa_mask[0]=11111111011111111101111111111110, sa_flags=SA_RESTART|SA_SIGINFO
SIGQUIT: [libjvm.so+0xc16770], sa_mask[0]=11111111011111111101111111111110, sa_flags=SA_RESTART|SA_SIGINFO


---------------  S Y S T E M  ---------------

OS:Amazon Linux release 2 (Karoo)
uname:Linux 4.14.301-224.520.amzn2.x86_64 #1 SMP Fri Dec 9 09:57:03 UTC 2022 x86_64
OS uptime: 0 days 1:20 hours
libc:glibc 2.26 NPTL 2.26 
rlimit (soft/hard): STACK 8192k/infinity , CORE 0k/infinity , NPROC 15447/15447 , NOFILE 4096/4096 , AS infinity/infinity , CPU infinity/infinity , DATA infinity/infinity , FSIZE infinity/infinity , MEMLOCK 64k/64k
load average:9.38 4.29 2.89

/proc/meminfo:
MemTotal:        3989288 kB
MemFree:          104980 kB
MemAvailable:       7016 kB
Buffers:               0 kB
Cached:            16200 kB
SwapCached:            0 kB
Active:          3740692 kB
Inactive:          13640 kB
Active(anon):    3738516 kB
Inactive(anon):      336 kB
Active(file):       2176 kB
Inactive(file):    13304 kB
Unevictable:           0 kB
Mlocked:               0 kB
SwapTotal:             0 kB
SwapFree:              0 kB
Dirty:                56 kB
Writeback:             0 kB
AnonPages:       3738292 kB
Mapped:             9764 kB
Shmem:               616 kB
Slab:              73284 kB
SReclaimable:      29308 kB
SUnreclaim:        43976 kB
KernelStack:        5360 kB
PageTables:        21068 kB
NFS_Unstable:          0 kB
Bounce:                0 kB
WritebackTmp:          0 kB
CommitLimit:     1994644 kB
Committed_AS:    4659632 kB
VmallocTotal:   34359738367 kB
VmallocUsed:           0 kB
VmallocChunk:          0 kB
HardwareCorrupted:     0 kB
AnonHugePages:      6144 kB
ShmemHugePages:        0 kB
ShmemPmdMapped:        0 kB
HugePages_Total:       0
HugePages_Free:        0
HugePages_Rsvd:        0
HugePages_Surp:        0
Hugepagesize:       2048 kB
DirectMap4k:       94120 kB
DirectMap2M:     4050944 kB
DirectMap1G:           0 kB

/sys/kernel/mm/transparent_hugepage/enabled:
always [madvise] never
/sys/kernel/mm/transparent_hugepage/defrag (defrag/compaction efforts parameter):
always defer defer+madvise [madvise] never

Process Memory:
Virtual Size: 3695184K (peak: 3753076K)
Resident Set Size: 252332K (peak: 253136K) (anon: 252332K, file: 0K, shmem: 0K)
Swapped out: 0K
C-Heap outstanding allocations: 65902K, retained: 18473K
glibc malloc tunables: (default)

/proc/sys/kernel/threads-max (system-wide limit on the number of threads):
30894
/proc/sys/vm/max_map_count (maximum number of memory map areas a process may have):
65530
/proc/sys/kernel/pid_max (system-wide limit on number of process identifiers):
32768

container (cgroup) information:
container_type: cgroupv1
cpu_cpuset_cpus: 0-1
cpu_memory_nodes: 0
active_processor_count: 2
cpu_quota: no quota
cpu_period: 100000
cpu_shares: no shares
memory_limit_in_bytes: unlimited
memory_and_swap_limit_in_bytes: unlimited
memory_soft_limit_in_bytes: unlimited
memory_usage_in_bytes: 3279032 k
memory_max_usage_in_bytes: 3284508 k
maximum number of tasks: unlimited
current number of tasks: 148

KVM virtualization detected
Steal ticks since vm start: 13
Steal ticks percentage since vm start:  0.001

CPU:total 2 (initial active 2) (2 cores per cpu, 2 threads per core) family 23 model 1 stepping 2 microcode 0x800126e, cmov, cx8, fxsr, mmx, sse, sse2, sse3, ssse3, sse4.1, sse4.2, popcnt, avx, avx2, aes, clmul, mmxext, 3dnowpref, lzcnt, sse4a, ht, tsc, tscinvbit, tscinv, bmi1, bmi2, adx, sha, fma
CPU Model and flags from /proc/cpuinfo:
model name	: AMD EPYC 7571
flags		: fpu vme de pse tsc msr pae mce cx8 apic sep mtrr pge mca cmov pat pse36 clflush mmx fxsr sse sse2 ht syscall nx mmxext fxsr_opt pdpe1gb rdtscp lm constant_tsc rep_good nopl nonstop_tsc cpuid extd_apicid tsc_known_freq pni pclmulqdq ssse3 fma cx16 sse4_1 sse4_2 movbe popcnt aes xsave avx f16c rdrand hypervisor lahf_lm cmp_legacy cr8_legacy abm sse4a misalignsse 3dnowprefetch topoext vmmcall fsgsbase bmi1 avx2 smep bmi2 rdseed adx smap clflushopt sha_ni xsaveopt xsavec xgetbv1 clzero xsaveerptr arat npt nrip_save
Online cpus:
0-1
Offline cpus:

BIOS frequency limitation:
<Not Available>
Frequency switch latency (ns):
<Not Available>
Available cpu frequencies:
<Not Available>
Current governor:
<Not Available>
Core performance/turbo boost:
<Not Available>

Memory: 4k page, physical 3989288k(102872k free), swap 0k(0k free)

vm_info: OpenJDK 64-Bit Server VM (11.0.18+10-LTS) for linux-amd64 JRE (11.0.18+10-LTS), built on Jan 11 2023 00:26:12 by "" with gcc 7.3.1 20180712 (Red Hat 7.3.1-15)

END.
